\BOOKMARK [1][-]{section.1}{\376\377\000M\000e\000c\000h\000a\000n\000i\000c\000a\000l\000\040\000D\000e\000s\000i\000g\000n}{}% 1
\BOOKMARK [2][-]{subsection.1.1}{\376\377\000D\000O\000F\000\040\000\046\000\040\000D\000O\000M\000\040\000\046\000\040\000D\000O\000F\000\040\000E\000E}{section.1}% 2
\BOOKMARK [2][-]{subsection.1.2}{\376\377\000P\000r\000e\000c\000i\000s\000i\000o\000n\000\040\000a\000n\000d\000\040\000A\000c\000c\000u\000r\000a\000c\000y}{section.1}% 3
\BOOKMARK [2][-]{subsection.1.3}{\376\377\000R\000e\000s\000o\000l\000u\000t\000i\000o\000n}{section.1}% 4
\BOOKMARK [1][-]{section.2}{\376\377\000S\000p\000a\000t\000i\000a\000l\000\040\000D\000e\000s\000c\000r\000i\000p\000t\000i\000o\000n}{}% 5
\BOOKMARK [2][-]{subsection.2.1}{\376\377\000R\000o\000t\000a\000t\000i\000o\000n\000s}{section.2}% 6
\BOOKMARK [3][-]{subsubsection.2.1.1}{\376\377\000R\000o\000t\000a\000t\000i\000o\000n\000a\000l\000\040\000M\000a\000t\000r\000i\000x\000\040}{subsection.2.1}% 7
\BOOKMARK [3][-]{subsubsection.2.1.2}{\376\377\000C\000o\000m\000p\000o\000s\000i\000t\000i\000o\000n\000\040\000o\000f\000\040\000R\000o\000t\000a\000t\000i\000o\000n\000s}{subsection.2.1}% 8
\BOOKMARK [2][-]{subsection.2.2}{\376\377\000H\000o\000m\000o\000g\000e\000n\000e\000o\000u\000s\000\040\000T\000r\000a\000n\000s\000f\000o\000r\000m\000a\000t\000i\000o\000n}{section.2}% 9
\BOOKMARK [1][-]{section.3}{\376\377\000S\000c\000r\000e\000w\000\040\000T\000h\000e\000o\000r\000y}{}% 10
\BOOKMARK [2][-]{subsection.3.1}{\376\377\000R\000i\000g\000i\000d\000\040\000B\000o\000d\000y\000\040\000T\000r\000a\000n\000s\000f\000o\000r\000m\000a\000t\000i\000o\000n}{section.3}% 11
\BOOKMARK [2][-]{subsection.3.2}{\376\377\000M\000a\000t\000h\000e\000m\000a\000t\000i\000c\000a\000l\000\040\000R\000e\000m\000a\000r\000k\000s}{section.3}% 12
\BOOKMARK [3][-]{subsubsection.3.2.1}{\376\377\000S\000k\000e\000w\000\040\000-\000\040\000S\000y\000m\000m\000e\000t\000r\000i\000c\000\040\000M\000a\000t\000r\000i\000x\000\040}{subsection.3.2}% 13
\BOOKMARK [3][-]{subsubsection.3.2.2}{\376\377\000M\000a\000t\000r\000i\000x\000\040\000E\000x\000p\000o\000n\000e\000n\000t\000i\000a\000l}{subsection.3.2}% 14
\BOOKMARK [2][-]{subsection.3.3}{\376\377\000S\000c\000r\000e\000w\000\040\000P\000a\000r\000a\000m\000e\000t\000e\000r\000s\000\040\000\046\000\040\000T\000w\000i\000s\000t}{section.3}% 15
\BOOKMARK [2][-]{subsection.3.4}{\376\377\000M\000a\000t\000r\000i\000x\000\040\000E\000x\000p\000o\000n\000e\000n\000t\000i\000a\000l\000s}{section.3}% 16
\BOOKMARK [3][-]{subsubsection.3.4.1}{\376\377\000H\000o\000m\000o\000g\000e\000n\000e\000o\000u\000s\000\040\000T\000r\000a\000n\000s\000f\000o\000r\000m\000a\000t\000i\000o\000n}{subsection.3.4}% 17
\BOOKMARK [3][-]{subsubsection.3.4.2}{\376\377\000I\000n\000i\000t\000i\000a\000l\000\040\000C\000o\000n\000i\000d\000i\000t\000i\000o\000n\000s}{subsection.3.4}% 18
\BOOKMARK [2][-]{subsection.3.5}{\376\377\000M\000a\000t\000l\000a\000b\000\040\000-\000\040\000K\000i\000n\000e\000m\000a\000t\000i\000c\000s\000\040\000T\000o\000o\000l\000b\000o\000x}{section.3}% 19
\BOOKMARK [1][-]{section.4}{\376\377\000F\000o\000r\000w\000a\000r\000d\000\040\000K\000i\000n\000e\000m\000a\000t\000i\000c\000s\000\040\000\050\000F\000K\000\051}{}% 20
\BOOKMARK [2][-]{subsection.4.1}{\376\377\000D\000e\000n\000a\000v\000i\000t\000-\000H\000a\000r\000t\000e\000n\000b\000e\000r\000g\000\040\000\050\000D\000H\000\051\000\040\000C\000o\000n\000v\000e\000n\000t\000i\000o\000n}{section.4}% 21
\BOOKMARK [2][-]{subsection.4.2}{\376\377\000D\000e\000f\000i\000n\000i\000t\000i\000o\000n\000s}{section.4}% 22
\BOOKMARK [3][-]{subsubsection.4.2.1}{\376\377\000W\000o\000r\000k\000s\000p\000a\000c\000e\000s}{subsection.4.2}% 23
\BOOKMARK [3][-]{subsubsection.4.2.2}{\376\377\000J\000o\000i\000n\000t\000-\000\040\000\046\000\040\000T\000a\000s\000k\000s\000p\000a\000c\000e}{subsection.4.2}% 24
\BOOKMARK [1][-]{section.5}{\376\377\000R\000i\000g\000i\000d\000\040\000B\000o\000d\000y\000\040\000V\000e\000l\000o\000c\000i\000t\000y}{}% 25
\BOOKMARK [2][-]{subsection.5.1}{\376\377\000A\000n\000g\000u\000l\000a\000r\000\040\000V\000e\000l\000o\000c\000i\000t\000y}{section.5}% 26
\BOOKMARK [2][-]{subsection.5.2}{\376\377\000V\000e\000l\000o\000c\000i\000t\000y}{section.5}% 27
\BOOKMARK [2][-]{subsection.5.3}{\376\377\000T\000w\000i\000s\000t\000\040\000V\000e\000l\000o\000c\000i\000t\000i\000e\000s}{section.5}% 28
\BOOKMARK [3][-]{subsubsection.5.3.1}{\376\377\000T\000r\000a\000n\000s\000f\000o\000r\000m\000a\000t\000i\000o\000n\000s}{subsection.5.3}% 29
\BOOKMARK [3][-]{subsubsection.5.3.2}{\376\377\000A\000d\000j\000o\000i\000n\000t\000\040}{subsection.5.3}% 30
\BOOKMARK [1][-]{section.6}{\376\377\000J\000a\000c\000o\000b\000i\000a\000n}{}% 31
\BOOKMARK [2][-]{subsection.6.1}{\376\377\000D\000H\000-\000C\000o\000n\000v\000e\000n\000t\000i\000o\000n}{section.6}% 32
\BOOKMARK [2][-]{subsection.6.2}{\376\377\000M\000a\000n\000i\000p\000u\000l\000a\000t\000o\000r\000\040\000J\000a\000c\000o\000b\000i\000a\000n}{section.6}% 33
\BOOKMARK [3][-]{subsubsection.6.2.1}{\376\377\000S\000i\000n\000g\000u\000l\000a\000r\000i\000t\000i\000e\000s\000\040\000J\000a\000c\000o\000b\000i\000a\000n\000\040\000i\000s\000\040\000n\000o\000t\000\040\000i\000n\000v\000e\000r\000t\000i\000b\000l\000e}{subsection.6.2}% 34
\BOOKMARK [3][-]{subsubsection.6.2.2}{\376\377\000V\000e\000l\000o\000c\000i\000t\000i\000e\000s\000\040\000/\000\040\000S\000V\000D}{subsection.6.2}% 35
\BOOKMARK [2][-]{subsection.6.3}{\376\377\000I\000n\000v\000e\000r\000s\000e\000\040\000K\000i\000n\000e\000m\000a\000t\000i\000c\000s}{section.6}% 36
\BOOKMARK [2][-]{subsection.6.4}{\376\377\000M\000a\000n\000i\000p\000u\000l\000a\000b\000i\000l\000i\000t\000y\000\040\000m\000u}{section.6}% 37
\BOOKMARK [1][-]{section.7}{\376\377\000P\000a\000r\000a\000l\000l\000e\000l\000\040\000a\000n\000d\000\040\000R\000e\000d\000u\000n\000d\000a\000n\000t\000\040\000R\000o\000b\000o\000t\000s}{}% 38
\BOOKMARK [2][-]{subsection.7.1}{\376\377\000P\000a\000r\000a\000l\000l\000e\000l\000\040\000R\000o\000b\000o\000t}{section.7}% 39
\BOOKMARK [2][-]{subsection.7.2}{\376\377\000R\000e\000d\000u\000n\000d\000a\000n\000t\000\040\000R\000o\000b\000o\000t}{section.7}% 40
\BOOKMARK [1][-]{section.8}{\376\377\000F\000o\000r\000c\000e\000\040\000C\000o\000n\000t\000r\000o\000l}{}% 41
\BOOKMARK [2][-]{subsection.8.1}{\376\377\000S\000t\000i\000f\000f\000n\000e\000s\000s\000\040\000k}{section.8}% 42
\BOOKMARK [2][-]{subsection.8.2}{\376\377\000C\000o\000m\000p\000l\000i\000a\000n\000c\000e}{section.8}% 43
\BOOKMARK [3][-]{subsubsection.8.2.1}{\376\377\000C\000o\000m\000p\000l\000i\000a\000n\000c\000e\000\040\000F\000r\000a\000m\000e}{subsection.8.2}% 44
\BOOKMARK [2][-]{subsection.8.3}{\376\377\000C\000o\000n\000t\000r\000o\000l}{section.8}% 45
\BOOKMARK [1][-]{section.9}{\376\377\000C\000o\000m\000p\000u\000t\000e\000r\000\040\000V\000i\000s\000i\000o\000n}{}% 46
\BOOKMARK [2][-]{subsection.9.1}{\376\377\000T\000h\000r\000e\000s\000h\000o\000l\000d\000i\000n\000g\000\040\000/\000\040\000B\000i\000n\000a\000r\000i\000z\000a\000t\000i\000o\000n}{section.9}% 47
\BOOKMARK [3][-]{subsubsection.9.1.1}{\376\377\000A\000d\000a\000p\000t\000i\000v\000e\000\040\000T\000h\000r\000e\000s\000h\000o\000l\000d\000i\000n\000g}{subsection.9.1}% 48
\BOOKMARK [3][-]{subsubsection.9.1.2}{\376\377\000D\000i\000l\000a\000t\000i\000o\000n\000/\000\040\000E\000r\000o\000s\000i\000o\000n}{subsection.9.1}% 49
\BOOKMARK [2][-]{subsection.9.2}{\376\377\000H\000i\000s\000t\000o\000g\000r\000a\000m\000\040\000E\000q\000u\000a\000l\000i\000z\000a\000t\000i\000o\000n}{section.9}% 50
\BOOKMARK [2][-]{subsection.9.3}{\376\377\000I\000m\000a\000g\000e\000\040\000F\000i\000l\000t\000e\000r\000i\000n\000g}{section.9}% 51
\BOOKMARK [2][-]{subsection.9.4}{\376\377\000E\000d\000g\000e\000\040\000D\000e\000t\000e\000c\000t\000i\000o\000n}{section.9}% 52
\BOOKMARK [3][-]{subsubsection.9.4.1}{\376\377\000C\000a\000n\000n\000y\000\040\000E\000d\000g\000e\000\040\000D\000e\000t\000e\000c\000t\000o\000r}{subsection.9.4}% 53
\BOOKMARK [2][-]{subsection.9.5}{\376\377\000H\000o\000u\000g\000h\000\040\000T\000r\000a\000n\000s\000f\000o\000r\000m}{section.9}% 54
